Arguments: 
  /home/jakub/.fnm/node-versions/v13.5.0/installation/bin/node /usr/share/yarn/bin/yarn.js bsb -make-world

PATH: 
  /tmp/fnm-shell-5709605/bin:/home/jakub/.fnm:/tmp/fnm-shell-5690888/bin:/home/jakub/.fnm:/usr/local/sbin:/usr/local/bin:/usr/sbin:/usr/bin:/sbin:/bin:/usr/games:/usr/local/games:/snap/bin

Yarn version: 
  1.21.1

Node version: 
  13.5.0

Platform: 
  linux x64

Trace: 
  SyntaxError: /home/jakub/Projects/Personal/bs-ant-design/package.json: Unexpected token } in JSON at position 830
      at JSON.parse (<anonymous>)
      at /usr/share/yarn/lib/cli.js:1625:59
      at Generator.next (<anonymous>)
      at step (/usr/share/yarn/lib/cli.js:310:30)
      at /usr/share/yarn/lib/cli.js:321:13

npm manifest: 
  {
    "name": "bs-ant-design-alt",
    "version": "2.0.0-alpha.33",
    "description": "Bucklescript bindings for Ant Design",
    "repository": {
      "type": "git",
      "url": "https://github.com/Enalmada/bs-ant-design"
    },
    "scripts": {
      "changelog": "auto-changelog --template keepachangelog",
      "bsb": "bsb -clean-world -make-world"
    },
    "main": "index.js",
    "license": "MIT",
    "devDependencies": {
      "bs-platform": "7.1.1",
      "cheerio": "^1.0.0-rc.2",
      "got": "^9.6.0",
      "lodash": "^4.17.11",
      "reason-react": "^0.7.0"
    },
    "peerDependencies": {
      "antd": ">=4.0.0",
      "react": "^16.13.0",
      "react-dom": "^16.13.0"
    },
    "dependencies": {
      "antd": "4.0.0",
      "bs-moment": "^0.4.5",
      "re-classnames": "^4.0.0"
    },
    "resolutions": {
      "react": "^16.13.0",
      "react-dom": "^16.13.0"
    },
  }

yarn manifest: 
  No manifest

Lockfile: 
  # THIS IS AN AUTOGENERATED FILE. DO NOT EDIT THIS FILE DIRECTLY.
  # yarn lockfile v1
  
  
  "@ant-design/colors@^3.1.0":
    version "3.2.2"
    resolved "https://npm.togedo.com/@ant-design%2fcolors/-/colors-3.2.2.tgz#5ad43d619e911f3488ebac303d606e66a8423903"
    integrity sha512-YKgNbG2dlzqMhA9NtI3/pbY16m3Yl/EeWBRa+lB1X1YaYxHrxNexiQYCLTWO/uDvAjLFMEDU+zR901waBtMtjQ==
    dependencies:
      tinycolor2 "^1.4.1"
  
  "@ant-design/icons-svg@^4.0.0":
    version "4.0.0"
    resolved "https://npm.togedo.com/@ant-design%2ficons-svg/-/icons-svg-4.0.0.tgz#6683db0df97c0c6900bb28a280faf391522ec734"
    integrity sha512-Nai+cd3XUrv/z50gSk1FI08j6rENZ1e93rhKeLTBGwa5WrmHvhn2vowa5+voZW2qkXJn1btS6tdvTEDB90M0Pw==
  
  "@ant-design/icons@^4.0.0-rc.0":
    version "4.0.0"
    resolved "https://npm.togedo.com/@ant-design%2ficons/-/icons-4.0.0.tgz#cdb870777f185422cfc0e235392592d3e4795ef6"
    integrity sha512-oJTNTyo/6DjVmK/DSa58A+7gZRGgzBCAEJ9Pfa6U+BAZO28tvOE3YzlQd9gq9Qu6d47JL1ixyID3qsmRFqitlQ==
    dependencies:
      "@ant-design/colors" "^3.1.0"
      "@ant-design/icons-svg" "^4.0.0"
      classnames "^2.2.6"
      insert-css "^2.0.0"
      rc-util "^4.9.0"
  
  "@ant-design/react-slick@~0.25.5":
    version "0.25.5"
    resolved "https://npm.togedo.com/@ant-design%2freact-slick/-/react-slick-0.25.5.tgz#18f40abaa22c15dc26da9c473d24da38d4d8f334"
    integrity sha512-fusHR9LkarCARvYTN6cG3yz2/Ogf+HTaJ2XEihIjsjgm6uE1aSXycRFEVDpOFP1Aib51Z2Iz3tgg/gL+WbK8rQ==
    dependencies:
      classnames "^2.2.5"
      json2mq "^0.2.0"
      lodash "^4.17.15"
      resize-observer-polyfill "^1.5.0"
  
  "@babel/runtime@^7.8.4":
    version "7.8.4"
    resolved "https://npm.togedo.com/@babel%2fruntime/-/runtime-7.8.4.tgz#d79f5a2040f7caa24d53e563aad49cbc05581308"
    integrity sha512-neAp3zt80trRVBI1x0azq6c57aNBqYZH8KhMm3TaB7wEI5Q4A2SHfBHE8w9gOhI/lrqxtEbXZgQIrHP+wvSGwQ==
    dependencies:
      regenerator-runtime "^0.13.2"
  
  "@sindresorhus/is@^0.14.0":
    version "0.14.0"
    resolved "https://registry.yarnpkg.com/@sindresorhus/is/-/is-0.14.0.tgz#9fb3a3cf3132328151f353de4632e01e52102bea"
    integrity sha512-9NET910DNaIPngYnLLPeg+Ogzqsi9uM4mSboU5y6p8S5DzMTVEsJZrawi+BoDNUVBa2DhJqQYUFvMDfgU062LQ==
  
  "@szmarczak/http-timer@^1.1.2":
    version "1.1.2"
    resolved "https://registry.yarnpkg.com/@szmarczak/http-timer/-/http-timer-1.1.2.tgz#b1665e2c461a2cd92f4c1bbf50d5454de0d4b421"
    integrity sha512-XIB2XbzHTN6ieIjfIMV9hlVcfPU26s2vafYWQcZHWXHOxiaRZYEDKEwdl129Zyg50+foYV2jCgtrqSA6qNuNSA==
    dependencies:
      defer-to-connect "^1.0.1"
  
  "@types/node@*":
    version "12.0.0"
    resolved "https://registry.yarnpkg.com/@types/node/-/node-12.0.0.tgz#d11813b9c0ff8aaca29f04cbc12817f4c7d656e5"
    integrity sha512-Jrb/x3HT4PTJp6a4avhmJCDEVrPdqLfl3e8GGMbpkGGdwAV5UGlIs4vVEfsHHfylZVOKZWpOqmqFH8CbfOZ6kg==
  
  add-dom-event-listener@^1.1.0:
    version "1.1.0"
    resolved "https://registry.yarnpkg.com/add-dom-event-listener/-/add-dom-event-listener-1.1.0.tgz#6a92db3a0dd0abc254e095c0f1dc14acbbaae310"
    integrity sha512-WCxx1ixHT0GQU9hb0KI/mhgRQhnU+U3GvwY6ZvVjYq8rsihIGoaIOUbY0yMPBxLH5MDtr0kz3fisWGNcbWW7Jw==
    dependencies:
      object-assign "4.x"
  
  antd@4.0.0:
    version "4.0.0"
    resolved "https://npm.togedo.com/antd/-/antd-4.0.0.tgz#1566ee4a4c9ff5deb446cc3ce7604d4495fd2d38"
    integrity sha512-sfaxNqqtaGg+5JWucSPM0Nr3eBh5gUBlmsH5RqdtpcP5qTM2NOxcmhx3I8KlSs5O39jAZ6nRVmjubjpw3GS5oQ==
    dependencies:
      "@ant-design/icons" "^4.0.0-rc.0"
      "@ant-design/react-slick" "~0.25.5"
      array-tree-filter "^2.1.0"
      classnames "~2.2.6"
      copy-to-clipboard "^3.2.0"
      css-animation "^1.5.0"
      lodash "^4.17.13"
      moment "^2.24.0"
      omit.js "^1.0.2"
      prop-types "^15.7.2"
      raf "^3.4.1"
      rc-animate "~2.10.2"
      rc-cascader "~1.0.0"
      rc-checkbox "~2.1.6"
      rc-collapse "~1.11.3"
      rc-dialog "~7.6.0"
      rc-drawer "~3.1.1"
      rc-dropdown "~3.0.0"
      rc-field-form "~1.0.0"
      rc-input-number "~4.5.4"
      rc-mentions "~1.0.0"
      rc-menu "~8.0.1"
      rc-notification "~4.0.0"
      rc-pagination "~2.0.1"
      rc-picker "~1.1.0"
      rc-progress "~2.5.0"
      rc-rate "~2.5.1"
      rc-resize-observer "^0.1.0"
      rc-select "~10.0.0"
      rc-slider "~9.2.1"
      rc-steps "~3.5.0"
      rc-switch "~1.9.0"
      rc-table "~7.0.0"
      rc-tabs "~10.0.0"
      rc-tooltip "~4.0.0"
      rc-tree "~3.0.0"
      rc-tree-select "~3.0.0"
      rc-trigger "~4.0.0"
      rc-upload "~3.0.0"
      rc-util "^4.20.0"
      rc-virtual-list "~1.0.0"
      resize-observer-polyfill "^1.5.1"
      scroll-into-view-if-needed "^2.2.20"
      shallowequal "^1.1.0"
      warning "~4.0.3"
  
  array-tree-filter@^2.1.0:
    version "2.1.0"
    resolved "https://registry.yarnpkg.com/array-tree-filter/-/array-tree-filter-2.1.0.tgz#873ac00fec83749f255ac8dd083814b4f6329190"
    integrity sha512-4ROwICNlNw/Hqa9v+rk5h22KjmzB1JGTMVKP2AKJBOCgb0yL0ASf0+YvCcLNNwquOHNX48jkeZIJ3a+oOQqKcw==
  
  async-validator@^3.0.3:
    version "3.2.3"
    resolved "https://npm.togedo.com/async-validator/-/async-validator-3.2.3.tgz#b38b72f9c08c1d28548df13bb260b6908448ca49"
    integrity sha512-yMJ4i3x5qEGVgEMowZiBkx+rjDrsXf64BWdHENCtHLgyPiEE+2r8jvqMF1cghCgdGo4sWVLJ7MDwPQgGSPDCcw==
  
  babel-runtime@6.x, babel-runtime@^6.23.0, babel-runtime@^6.26.0:
    version "6.26.0"
    resolved "https://registry.yarnpkg.com/babel-runtime/-/babel-runtime-6.26.0.tgz#965c7058668e82b55d7bfe04ff2337bc8b5647fe"
    integrity sha1-llxwWGaOgrVde/4E/yM3vItWR/4=
    dependencies:
      core-js "^2.4.0"
      regenerator-runtime "^0.11.0"
  
  boolbase@~1.0.0:
    version "1.0.0"
    resolved "https://registry.yarnpkg.com/boolbase/-/boolbase-1.0.0.tgz#68dff5fbe60c51eb37725ea9e3ed310dcc1e776e"
    integrity sha1-aN/1++YMUes3cl6p4+0xDcwed24=
  
  bs-moment@^0.4.5:
    version "0.4.5"
    resolved "https://npm.togedo.com/bs-moment/-/bs-moment-0.4.5.tgz#3f84fed55c2a70d25b0b6025e4e8d821fcdd4dc8"
    integrity sha512-anPYkFSof+X8EeomnP0fbQBvWFJeganwPqqARVB+fcdKYX2Uog/n3CCiFGEA+66yHbwnWZD5YFhtHCuyLMcQfQ==
  
  bs-platform@7.1.1:
    version "7.1.1"
    resolved "https://npm.togedo.com/bs-platform/-/bs-platform-7.1.1.tgz#ed4032de7ab15158c61d8994680a05393e3ddd74"
    integrity sha512-ckZHR3J+yxyEKXOBHX8+hfzWG2XX5BxhQ4Iw9lulHFGYdAm9Ep9LgKkIah7G6RYADLmVfTxFE48igvY3kkkl+g==
  
  cacheable-request@^6.0.0:
    version "6.0.0"
    resolved "https://registry.yarnpkg.com/cacheable-request/-/cacheable-request-6.0.0.tgz#4a1727414e02ac4af82560c4da1b61daa3fa2b63"
    integrity sha512-2N7AmszH/WPPpl5Z3XMw1HAP+8d+xugnKQAeKvxFZ/04dbT/CAznqwbl+7eSr3HkwdepNwtb2yx3CAMQWvG01Q==
    dependencies:
      clone-response "^1.0.2"
      get-stream "^4.0.0"
      http-cache-semantics "^4.0.0"
      keyv "^3.0.0"
      lowercase-keys "^1.0.1"
      normalize-url "^3.1.0"
      responselike "^1.0.2"
  
  cheerio@^1.0.0-rc.2:
    version "1.0.0-rc.3"
    resolved "https://registry.yarnpkg.com/cheerio/-/cheerio-1.0.0-rc.3.tgz#094636d425b2e9c0f4eb91a46c05630c9a1a8bf6"
    integrity sha512-0td5ijfUPuubwLUu0OBoe98gZj8C/AA+RW3v67GPlGOrvxWjZmBXiBCRU+I8VEiNyJzjth40POfHiz2RB3gImA==
    dependencies:
      css-select "~1.2.0"
      dom-serializer "~0.1.1"
      entities "~1.1.1"
      htmlparser2 "^3.9.1"
      lodash "^4.15.0"
      parse5 "^3.0.1"
  
  classnames@2.x, classnames@^2.2.0, classnames@^2.2.1, classnames@^2.2.3, classnames@^2.2.5, classnames@^2.2.6, classnames@~2.2.6:
    version "2.2.6"
    resolved "https://registry.yarnpkg.com/classnames/-/classnames-2.2.6.tgz#43935bffdd291f326dad0a205309b38d00f650ce"
    integrity sha512-JR/iSQOSt+LQIWwrwEzJ9uk0xfN3mTVYMwt1Ir5mUcSN6pU+V4zQFFaJsclJbPuAUQH+yfWef6tm7l1quW3C8Q==
  
  clone-response@^1.0.2:
    version "1.0.2"
    resolved "https://registry.yarnpkg.com/clone-response/-/clone-response-1.0.2.tgz#d1dc973920314df67fbeb94223b4ee350239e96b"
    integrity sha1-0dyXOSAxTfZ/vrlCI7TuNQI56Ws=
    dependencies:
      mimic-response "^1.0.0"
  
  component-classes@^1.2.5, component-classes@^1.2.6:
    version "1.2.6"
    resolved "https://registry.yarnpkg.com/component-classes/-/component-classes-1.2.6.tgz#c642394c3618a4d8b0b8919efccbbd930e5cd691"
    integrity sha1-xkI5TDYYpNiwuJGe/Mu9kw5c1pE=
    dependencies:
      component-indexof "0.0.3"
  
  component-indexof@0.0.3:
    version "0.0.3"
    resolved "https://registry.yarnpkg.com/component-indexof/-/component-indexof-0.0.3.tgz#11d091312239eb8f32c8f25ae9cb002ffe8d3c24"
    integrity sha1-EdCRMSI5648yyPJa6csAL/6NPCQ=
  
  compute-scroll-into-view@^1.0.13:
    version "1.0.13"
    resolved "https://npm.togedo.com/compute-scroll-into-view/-/compute-scroll-into-view-1.0.13.tgz#be1b1663b0e3f56cd5f7713082549f562a3477e2"
    integrity sha512-o+w9w7A98aAFi/GjK8cxSV+CdASuPa2rR5UWs3+yHkJzWqaKoBEufFNWYaXInCSmUfDCVhesG+v9MTWqOjsxFg==
  
  copy-to-clipboard@^3.2.0:
    version "3.3.1"
    resolved "https://npm.togedo.com/copy-to-clipboard/-/copy-to-clipboard-3.3.1.tgz#115aa1a9998ffab6196f93076ad6da3b913662ae"
    integrity sha512-i13qo6kIHTTpCm8/Wup+0b1mVWETvu2kIMzKoK8FpkLkFxlt0znUAHcMzox+T8sPlqtZXq3CulEjQHsYiGFJUw==
    dependencies:
      toggle-selection "^1.0.6"
  
  core-js@^2.4.0:
    version "2.6.5"
    resolved "https://registry.yarnpkg.com/core-js/-/core-js-2.6.5.tgz#44bc8d249e7fb2ff5d00e0341a7ffb94fbf67895"
    integrity sha512-klh/kDpwX8hryYL14M9w/xei6vrv6sE8gTHDG7/T/+SEovB/G4ejwcfE/CBzO6Edsu+OETZMZ3wcX/EjUkrl5A==
  
  css-animation@1.x, css-animation@^1.3.2, css-animation@^1.5.0:
    version "1.5.0"
    resolved "https://registry.yarnpkg.com/css-animation/-/css-animation-1.5.0.tgz#c96b9097a5ef74a7be8480b45cc44e4ec6ca2bf5"
    integrity sha512-hWYoWiOZ7Vr20etzLh3kpWgtC454tW5vn4I6rLANDgpzNSkO7UfOqyCEeaoBSG9CYWQpRkFWTWbWW8o3uZrNLw==
    dependencies:
      babel-runtime "6.x"
      component-classes "^1.2.5"
  
  css-select@~1.2.0:
    version "1.2.0"
    resolved "https://registry.yarnpkg.com/css-select/-/css-select-1.2.0.tgz#2b3a110539c5355f1cd8d314623e870b121ec858"
    integrity sha1-KzoRBTnFNV8c2NMUYj6HCxIeyFg=
    dependencies:
      boolbase "~1.0.0"
      css-what "2.1"
      domutils "1.5.1"
      nth-check "~1.0.1"
  
  css-what@2.1:
    version "2.1.3"
    resolved "https://registry.yarnpkg.com/css-what/-/css-what-2.1.3.tgz#a6d7604573365fe74686c3f311c56513d88285f2"
    integrity sha512-a+EPoD+uZiNfh+5fxw2nO9QwFa6nJe2Or35fGY6Ipw1R3R4AGz1d1TEZrCegvw2YTmZ0jXirGYlzxxpYSHwpEg==
  
  dayjs@^1.8.18:
    version "1.8.21"
    resolved "https://npm.togedo.com/dayjs/-/dayjs-1.8.21.tgz#98299185b72b9b679f31c7ed987b63923c961552"
    integrity sha512-1kbWK0hziklUHkGgiKr7xm59KwAg/K3Tp7H/8X+f58DnNCwY3pKYjOCJpIlVs125FRBukGVZdKZojC073D0IeQ==
  
  decompress-response@^3.3.0:
    version "3.3.0"
    resolved "https://registry.yarnpkg.com/decompress-response/-/decompress-response-3.3.0.tgz#80a4dd323748384bfa248083622aedec982adff3"
    integrity sha1-gKTdMjdIOEv6JICDYirt7Jgq3/M=
    dependencies:
      mimic-response "^1.0.0"
  
  defer-to-connect@^1.0.1:
    version "1.0.2"
    resolved "https://registry.yarnpkg.com/defer-to-connect/-/defer-to-connect-1.0.2.tgz#4bae758a314b034ae33902b5aac25a8dd6a8633e"
    integrity sha512-k09hcQcTDY+cwgiwa6PYKLm3jlagNzQ+RSvhjzESOGOx+MNOuXkxTfEvPrO1IOQ81tArCFYQgi631clB70RpQw==
  
  dom-align@^1.7.0:
    version "1.8.2"
    resolved "https://registry.yarnpkg.com/dom-align/-/dom-align-1.8.2.tgz#fdcd36bce25ba8d34fe3582efd57ac767df490bd"
    integrity sha512-17vInOylbB7H4qua7QRsmQT05FFTZemO8BhnOPgF9BPqjAPDyQr/9V8fmJbn05vQ31m2gu3EJSSYN2u94szUZg==
  
  dom-serializer@0, dom-serializer@~0.1.1:
    version "0.1.1"
    resolved "https://registry.yarnpkg.com/dom-serializer/-/dom-serializer-0.1.1.tgz#1ec4059e284babed36eec2941d4a970a189ce7c0"
    integrity sha512-l0IU0pPzLWSHBcieZbpOKgkIn3ts3vAh7ZuFyXNwJxJXk/c4Gwj9xaTJwIDVQCXawWD0qb3IzMGH5rglQaO0XA==
    dependencies:
      domelementtype "^1.3.0"
      entities "^1.1.1"
  
  domelementtype@1, domelementtype@^1.3.0, domelementtype@^1.3.1:
    version "1.3.1"
    resolved "https://registry.yarnpkg.com/domelementtype/-/domelementtype-1.3.1.tgz#d048c44b37b0d10a7f2a3d5fee3f4333d790481f"
    integrity sha512-BSKB+TSpMpFI/HOxCNr1O8aMOTZ8hT3pM3GQ0w/mWRmkhEDSFJkkyzz4XQsBV44BChwGkrDfMyjVD0eA2aFV3w==
  
  domhandler@^2.3.0:
    version "2.4.2"
    resolved "https://registry.yarnpkg.com/domhandler/-/domhandler-2.4.2.tgz#8805097e933d65e85546f726d60f5eb88b44f803"
    integrity sha512-JiK04h0Ht5u/80fdLMCEmV4zkNh2BcoMFBmZ/91WtYZ8qVXSKjiw7fXMgFPnHcSZgOo3XdinHvmnDUeMf5R4wA==
    dependencies:
      domelementtype "1"
  
  domutils@1.5.1:
    version "1.5.1"
    resolved "https://registry.yarnpkg.com/domutils/-/domutils-1.5.1.tgz#dcd8488a26f563d61079e48c9f7b7e32373682cf"
    integrity sha1-3NhIiib1Y9YQeeSMn3t+Mjc2gs8=
    dependencies:
      dom-serializer "0"
      domelementtype "1"
  
  domutils@^1.5.1:
    version "1.7.0"
    resolved "https://registry.yarnpkg.com/domutils/-/domutils-1.7.0.tgz#56ea341e834e06e6748af7a1cb25da67ea9f8c2a"
    integrity sha512-Lgd2XcJ/NjEw+7tFvfKxOzCYKZsdct5lczQ2ZaQY8Djz7pfAD3Gbp8ySJWtreII/vDlMVmxwa6pHmdxIYgttDg==
    dependencies:
      dom-serializer "0"
      domelementtype "1"
  
  duplexer3@^0.1.4:
    version "0.1.4"
    resolved "https://registry.yarnpkg.com/duplexer3/-/duplexer3-0.1.4.tgz#ee01dd1cac0ed3cbc7fdbea37dc0a8f1ce002ce2"
    integrity sha1-7gHdHKwO08vH/b6jfcCo8c4ALOI=
  
  end-of-stream@^1.1.0:
    version "1.4.1"
    resolved "https://registry.yarnpkg.com/end-of-stream/-/end-of-stream-1.4.1.tgz#ed29634d19baba463b6ce6b80a37213eab71ec43"
    integrity sha512-1MkrZNvWTKCaigbn+W15elq2BB/L22nqrSY5DKlo3X6+vclJm8Bb5djXJBmEX6fS3+zCh/F4VBK5Z2KxJt4s2Q==
    dependencies:
      once "^1.4.0"
  
  entities@^1.1.1, entities@~1.1.1:
    version "1.1.2"
    resolved "https://registry.yarnpkg.com/entities/-/entities-1.1.2.tgz#bdfa735299664dfafd34529ed4f8522a275fea56"
    integrity sha512-f2LZMYl1Fzu7YSBKg+RoROelpOaNrcGmE9AZubeDfrCEia483oW4MI4VyFd5VNHIgQ/7qm1I0wUHK1eJnn2y2w==
  
  get-stream@^4.0.0, get-stream@^4.1.0:
    version "4.1.0"
    resolved "https://registry.yarnpkg.com/get-stream/-/get-stream-4.1.0.tgz#c1b255575f3dc21d59bfc79cd3d2b46b1c3a54b5"
    integrity sha512-GMat4EJ5161kIy2HevLlr4luNjBgvmj413KaQA7jt4V8B4RDsfpHk7WQ9GVqfYyyx8OS/L66Kox+rJRNklLK7w==
    dependencies:
      pump "^3.0.0"
  
  got@^9.6.0:
    version "9.6.0"
    resolved "https://registry.yarnpkg.com/got/-/got-9.6.0.tgz#edf45e7d67f99545705de1f7bbeeeb121765ed85"
    integrity sha512-R7eWptXuGYxwijs0eV+v3o6+XH1IqVK8dJOEecQfTmkncw9AV4dcw/Dhxi8MdlqPthxxpZyizMzyg8RTmEsG+Q==
    dependencies:
      "@sindresorhus/is" "^0.14.0"
      "@szmarczak/http-timer" "^1.1.2"
      cacheable-request "^6.0.0"
      decompress-response "^3.3.0"
      duplexer3 "^0.1.4"
      get-stream "^4.1.0"
      lowercase-keys "^1.0.1"
      mimic-response "^1.0.1"
      p-cancelable "^1.0.0"
      to-readable-stream "^1.0.0"
      url-parse-lax "^3.0.0"
  
  hammerjs@^2.0.8:
    version "2.0.8"
    resolved "https://registry.yarnpkg.com/hammerjs/-/hammerjs-2.0.8.tgz#04ef77862cff2bb79d30f7692095930222bf60f1"
    integrity sha1-BO93hiz/K7edMPdpIJWTAiK/YPE=
  
  hoist-non-react-statics@^2.3.1:
    version "2.5.5"
    resolved "https://registry.yarnpkg.com/hoist-non-react-statics/-/hoist-non-react-statics-2.5.5.tgz#c5903cf409c0dfd908f388e619d86b9c1174cb47"
    integrity sha512-rqcy4pJo55FTTLWt+bU8ukscqHeE/e9KWvsOW2b/a3afxQZhwkQdT1rPPCJ0rYXdj4vNcasY8zHTH+jF/qStxw==
  
  htmlparser2@^3.9.1:
    version "3.10.1"
    resolved "https://registry.yarnpkg.com/htmlparser2/-/htmlparser2-3.10.1.tgz#bd679dc3f59897b6a34bb10749c855bb53a9392f"
    integrity sha512-IgieNijUMbkDovyoKObU1DUhm1iwNYE/fuifEoEHfd1oZKZDaONBSkal7Y01shxsM49R4XaMdGez3WnF9UfiCQ==
    dependencies:
      domelementtype "^1.3.1"
      domhandler "^2.3.0"
      domutils "^1.5.1"
      entities "^1.1.1"
      inherits "^2.0.1"
      readable-stream "^3.1.1"
  
  http-cache-semantics@^4.0.0:
    version "4.0.3"
    resolved "https://registry.yarnpkg.com/http-cache-semantics/-/http-cache-semantics-4.0.3.tgz#495704773277eeef6e43f9ab2c2c7d259dda25c5"
    integrity sha512-TcIMG3qeVLgDr1TEd2XvHaTnMPwYQUQMIBLy+5pLSDKYFc7UIqj39w8EGzZkaxoLv/l2K8HaI0t5AVA+YYgUew==
  
  inherits@^2.0.1, inherits@^2.0.3:
    version "2.0.3"
    resolved "https://registry.yarnpkg.com/inherits/-/inherits-2.0.3.tgz#633c2c83e3da42a502f52466022480f4208261de"
    integrity sha1-Yzwsg+PaQqUC9SRmAiSA9CCCYd4=
  
  insert-css@^2.0.0:
    version "2.0.0"
    resolved "https://npm.togedo.com/insert-css/-/insert-css-2.0.0.tgz#eb5d1097b7542f4c79ea3060d3aee07d053880f4"
    integrity sha1-610Ql7dUL0x56jBg067gfQU4gPQ=
  
  "js-tokens@^3.0.0 || ^4.0.0":
    version "4.0.0"
    resolved "https://registry.yarnpkg.com/js-tokens/-/js-tokens-4.0.0.tgz#19203fb59991df98e3a287050d4647cdeaf32499"
    integrity sha512-RdJUflcE3cUzKiMqQgsCu06FPu9UdIJO0beYbPhHN4k6apgJtifcoCtT9bcxOpYBtpD2kCM6Sbzg4CausW/PKQ==
  
  json-buffer@3.0.0:
    version "3.0.0"
    resolved "https://registry.yarnpkg.com/json-buffer/-/json-buffer-3.0.0.tgz#5b1f397afc75d677bde8bcfc0e47e1f9a3d9a898"
    integrity sha1-Wx85evx11ne96Lz8Dkfh+aPZqJg=
  
  json2mq@^0.2.0:
    version "0.2.0"
    resolved "https://registry.yarnpkg.com/json2mq/-/json2mq-0.2.0.tgz#b637bd3ba9eabe122c83e9720483aeb10d2c904a"
    integrity sha1-tje9O6nqvhIsg+lyBIOusQ0skEo=
    dependencies:
      string-convert "^0.2.0"
  
  keyv@^3.0.0:
    version "3.1.0"
    resolved "https://registry.yarnpkg.com/keyv/-/keyv-3.1.0.tgz#ecc228486f69991e49e9476485a5be1e8fc5c4d9"
    integrity sha512-9ykJ/46SN/9KPM/sichzQ7OvXyGDYKGTaDlKMGCAlg2UK8KRy4jb0d8sFc+0Tt0YYnThq8X2RZgCg74RPxgcVA==
    dependencies:
      json-buffer "3.0.0"
  
  lodash._getnative@^3.0.0:
    version "3.9.1"
    resolved "https://registry.yarnpkg.com/lodash._getnative/-/lodash._getnative-3.9.1.tgz#570bc7dede46d61cdcde687d65d3eecbaa3aaff5"
    integrity sha1-VwvH3t5G1hzc3mh9ZdPuy6o6r/U=
  
  lodash.isarguments@^3.0.0:
    version "3.1.0"
    resolved "https://registry.yarnpkg.com/lodash.isarguments/-/lodash.isarguments-3.1.0.tgz#2f573d85c6a24289ff00663b491c1d338ff3458a"
    integrity sha1-L1c9hcaiQon/AGY7SRwdM4/zRYo=
  
  lodash.isarray@^3.0.0:
    version "3.0.4"
    resolved "https://registry.yarnpkg.com/lodash.isarray/-/lodash.isarray-3.0.4.tgz#79e4eb88c36a8122af86f844aa9bcd851b5fbb55"
    integrity sha1-eeTriMNqgSKvhvhEqpvNhRtfu1U=
  
  lodash.keys@^3.1.2:
    version "3.1.2"
    resolved "https://registry.yarnpkg.com/lodash.keys/-/lodash.keys-3.1.2.tgz#4dbc0472b156be50a0b286855d1bd0b0c656098a"
    integrity sha1-TbwEcrFWvlCgsoaFXRvQsMZWCYo=
    dependencies:
      lodash._getnative "^3.0.0"
      lodash.isarguments "^3.0.0"
      lodash.isarray "^3.0.0"
  
  lodash@^4.15.0, lodash@^4.17.11, lodash@^4.17.5:
    version "4.17.11"
    resolved "https://registry.yarnpkg.com/lodash/-/lodash-4.17.11.tgz#b39ea6229ef607ecd89e2c8df12536891cac9b8d"
    integrity sha512-cQKh8igo5QUhZ7lg38DYWAxMvjSAKG0A8wGSVimP07SIUEK2UO+arSRKbRZWtelMtN5V0Hkwh5ryOto/SshYIg==
  
  lodash@^4.17.13, lodash@^4.17.15:
    version "4.17.15"
    resolved "https://npm.togedo.com/lodash/-/lodash-4.17.15.tgz#b447f6670a0455bbfeedd11392eff330ea097548"
    integrity sha512-8xOcRHvCjnocdS5cpwXQXVzmmh5e5+saE2QGoeQmbKmRS6J3VQppPOIt0MnmE+4xlZoumy0GPG0D0MVIQbNA1A==
  
  loose-envify@^1.0.0, loose-envify@^1.1.0, loose-envify@^1.4.0:
    version "1.4.0"
    resolved "https://registry.yarnpkg.com/loose-envify/-/loose-envify-1.4.0.tgz#71ee51fa7be4caec1a63839f7e682d8132d30caf"
    integrity sha512-lyuxPGr/Wfhrlem2CL/UcnUc1zcqKAImBDzukY7Y5F/yQiNdko6+fRLevlw1HgMySw7f611UIY408EtxRSoK3Q==
    dependencies:
      js-tokens "^3.0.0 || ^4.0.0"
  
  lowercase-keys@^1.0.0, lowercase-keys@^1.0.1:
    version "1.0.1"
    resolved "https://registry.yarnpkg.com/lowercase-keys/-/lowercase-keys-1.0.1.tgz#6f9e30b47084d971a7c820ff15a6c5167b74c26f"
    integrity sha512-G2Lj61tXDnVFFOi8VZds+SoQjtQC3dgokKdDG2mTm1tx4m50NUHBOZSBwQQHyy0V12A0JTG4icfZQH+xPyh8VA==
  
  mimic-response@^1.0.0, mimic-response@^1.0.1:
    version "1.0.1"
    resolved "https://registry.yarnpkg.com/mimic-response/-/mimic-response-1.0.1.tgz#4923538878eef42063cb8a3e3b0798781487ab1b"
    integrity sha512-j5EctnkH7amfV/q5Hgmoal1g2QHFJRraOtmx0JpIqkxhBhI/lJSl1nMpQ45hVarwNETOoWEimndZ4QK0RHxuxQ==
  
  mini-store@^2.0.0:
    version "2.0.0"
    resolved "https://registry.yarnpkg.com/mini-store/-/mini-store-2.0.0.tgz#0843c048d6942ce55e3e78b1b67fc063022b5488"
    integrity sha512-EG0CuwpQmX+XL4QVS0kxNwHW5ftSbhygu1qxQH0pipugjnPkbvkalCdQbEihMwtQY6d3MTN+MS0q+aurs+RfLQ==
    dependencies:
      hoist-non-react-statics "^2.3.1"
      prop-types "^15.6.0"
      react-lifecycles-compat "^3.0.4"
      shallowequal "^1.0.2"
  
  moment@^2.24.0:
    version "2.24.0"
    resolved "https://registry.yarnpkg.com/moment/-/moment-2.24.0.tgz#0d055d53f5052aa653c9f6eb68bb5d12bf5c2b5b"
    integrity sha512-bV7f+6l2QigeBBZSM/6yTNq4P2fNpSWj/0e7jQcy87A8e7o2nAfP/34/2ky5Vw4B9S446EtIhodAzkFCcR4dQg==
  
  normalize-url@^3.1.0:
    version "3.3.0"
    resolved "https://registry.yarnpkg.com/normalize-url/-/normalize-url-3.3.0.tgz#b2e1c4dc4f7c6d57743df733a4f5978d18650559"
    integrity sha512-U+JJi7duF1o+u2pynbp2zXDW2/PADgC30f0GsHZtRh+HOcXHnw137TrNlyxxRvWW5fjKd3bcLHPxofWuCjaeZg==
  
  nth-check@~1.0.1:
    version "1.0.2"
    resolved "https://registry.yarnpkg.com/nth-check/-/nth-check-1.0.2.tgz#b2bd295c37e3dd58a3bf0700376663ba4d9cf05c"
    integrity sha512-WeBOdju8SnzPN5vTUJYxYUxLeXpCaVP5i5e0LF8fg7WORF2Wd7wFX/pk0tYZk7s8T+J7VLy0Da6J1+wCT0AtHg==
    dependencies:
      boolbase "~1.0.0"
  
  object-assign@4.x, object-assign@^4.1.1:
    version "4.1.1"
    resolved "https://registry.yarnpkg.com/object-assign/-/object-assign-4.1.1.tgz#2109adc7965887cfc05cbbd442cac8bfbb360863"
    integrity sha1-IQmtx5ZYh8/AXLvUQsrIv7s2CGM=
  
  omit.js@^1.0.2:
    version "1.0.2"
    resolved "https://npm.togedo.com/omit.js/-/omit.js-1.0.2.tgz#91a14f0eba84066dfa015bf30e474c47f30bc858"
    integrity sha512-/QPc6G2NS+8d4L/cQhbk6Yit1WTB6Us2g84A7A/1+w9d/eRGHyEqC5kkQtHVoHZ5NFWGG7tUGgrhVZwgZanKrQ==
    dependencies:
      babel-runtime "^6.23.0"
  
  once@^1.3.1, once@^1.4.0:
    version "1.4.0"
    resolved "https://registry.yarnpkg.com/once/-/once-1.4.0.tgz#583b1aa775961d4b113ac17d9c50baef9dd76bd1"
    integrity sha1-WDsap3WWHUsROsF9nFC6753Xa9E=
    dependencies:
      wrappy "1"
  
  p-cancelable@^1.0.0:
    version "1.1.0"
    resolved "https://registry.yarnpkg.com/p-cancelable/-/p-cancelable-1.1.0.tgz#d078d15a3af409220c886f1d9a0ca2e441ab26cc"
    integrity sha512-s73XxOZ4zpt1edZYZzvhqFa6uvQc1vwUa0K0BdtIZgQMAJj9IbebH+JkgKZc9h+B05PKHLOTl4ajG1BmNrVZlw==
  
  parse5@^3.0.1:
    version "3.0.3"
    resolved "https://registry.yarnpkg.com/parse5/-/parse5-3.0.3.tgz#042f792ffdd36851551cf4e9e066b3874ab45b5c"
    integrity sha512-rgO9Zg5LLLkfJF9E6CCmXlSE4UVceloys8JrFqCcHloC3usd/kJCyPDwH2SOlzix2j3xaP9sUX3e8+kvkuleAA==
    dependencies:
      "@types/node" "*"
  
  performance-now@^2.1.0:
    version "2.1.0"
    resolved "https://registry.yarnpkg.com/performance-now/-/performance-now-2.1.0.tgz#6309f4e0e5fa913ec1c69307ae364b4b377c9e7b"
    integrity sha1-Ywn04OX6kT7BxpMHrjZLSzd8nns=
  
  prepend-http@^2.0.0:
    version "2.0.0"
    resolved "https://registry.yarnpkg.com/prepend-http/-/prepend-http-2.0.0.tgz#e92434bfa5ea8c19f41cdfd401d741a3c819d897"
    integrity sha1-6SQ0v6XqjBn0HN/UAddBo8gZ2Jc=
  
  prop-types@15.x, prop-types@^15.5.10, prop-types@^15.5.4, prop-types@^15.5.6, prop-types@^15.5.7, prop-types@^15.5.8, prop-types@^15.5.9, prop-types@^15.6.0, prop-types@^15.6.2, prop-types@^15.7.2:
    version "15.7.2"
    resolved "https://registry.yarnpkg.com/prop-types/-/prop-types-15.7.2.tgz#52c41e75b8c87e72b9d9360e0206b99dcbffa6c5"
    integrity sha512-8QQikdH7//R2vurIJSutZ1smHYTcLpRWEOlHnzcWHmBYrOGUysKwSsrC89BCiFj3CbrfJ/nXFdJepOVrY1GCHQ==
    dependencies:
      loose-envify "^1.4.0"
      object-assign "^4.1.1"
      react-is "^16.8.1"
  
  pump@^3.0.0:
    version "3.0.0"
    resolved "https://registry.yarnpkg.com/pump/-/pump-3.0.0.tgz#b4a2116815bde2f4e1ea602354e8c75565107a64"
    integrity sha512-LwZy+p3SFs1Pytd/jYct4wpv49HiYCqd9Rlc5ZVdk0V+8Yzv6jR5Blk3TRmPL1ft69TxP0IMZGJ+WPFU2BFhww==
    dependencies:
      end-of-stream "^1.1.0"
      once "^1.3.1"
  
  raf@^3.4.0, raf@^3.4.1:
    version "3.4.1"
    resolved "https://registry.yarnpkg.com/raf/-/raf-3.4.1.tgz#0742e99a4a6552f445d73e3ee0328af0ff1ede39"
    integrity sha512-Sq4CW4QhwOHE8ucn6J34MqtZCeWFP2aQSmrlroYgqAV1PjStIhJXxYuTgUIfkEk7zTLjmIjLmU5q+fbD1NnOJA==
    dependencies:
      performance-now "^2.1.0"
  
  rc-align@^3.0.0-rc.0:
    version "3.0.0-rc.1"
    resolved "https://npm.togedo.com/rc-align/-/rc-align-3.0.0-rc.1.tgz#32d1fac860d12bb85e9b8cafbbdef79f3f537674"
    integrity sha512-GbofumhCUb7SxP410j/fbtR2M9Zml+eoZSdaliZh6R3NhfEj5zP4jcO3HG3S9C9KIcXQQtd/cwVHkb9Y0KU7Hg==
    dependencies:
      classnames "2.x"
      dom-align "^1.7.0"
      rc-util "^4.12.0"
      resize-observer-polyfill "^1.5.1"
  
  rc-animate@2.x:
    version "2.8.2"
    resolved "https://registry.yarnpkg.com/rc-animate/-/rc-animate-2.8.2.tgz#1c517728e361745efead6dd8c3c74ecfa8e54cda"
    integrity sha512-JUKpst+OSDFQjqhhZliBcmO3Fie1SeiIxsEhS7PbZVz/UjCC8uDtp31+NRxidxy3BnfXbbfZdtG9mNWIDqIfTw==
    dependencies:
      babel-runtime "6.x"
      classnames "^2.2.6"
      css-animation "^1.3.2"
      prop-types "15.x"
      raf "^3.4.0"
      react-lifecycles-compat "^3.0.4"
  
  rc-animate@^2.10.0, rc-animate@^2.10.1, rc-animate@^2.10.2, rc-animate@^2.9.2, rc-animate@~2.10.2:
    version "2.10.3"
    resolved "https://npm.togedo.com/rc-animate/-/rc-animate-2.10.3.tgz#163d5e29281a4ff82d53ee7918eeeac856b756f9"
    integrity sha512-A9qQ5Y8BLlM7EhuCO3fWb/dChndlbWtY/P5QvPqBU7h4r5Q2QsvsbpTGgdYZATRDZbTRnJXXfVk9UtlyS7MBLg==
    dependencies:
      babel-runtime "6.x"
      classnames "^2.2.6"
      css-animation "^1.3.2"
      prop-types "15.x"
      raf "^3.4.0"
      rc-util "^4.15.3"
      react-lifecycles-compat "^3.0.4"
  
  rc-cascader@~1.0.0:
    version "1.0.1"
    resolved "https://npm.togedo.com/rc-cascader/-/rc-cascader-1.0.1.tgz#770de1e1fa7bd559aabd4d59e525819b8bc809b7"
    integrity sha512-3mk33+YKJBP1XSrTYbdVLuCC73rUDq5STNALhvua5i8vyIgIxtb5fSl96JdWWq1Oj8tIBoHnCgoEoOYnIXkthQ==
    dependencies:
      array-tree-filter "^2.1.0"
      rc-trigger "^4.0.0"
      rc-util "^4.0.4"
      warning "^4.0.1"
  
  rc-checkbox@~2.1.6:
    version "2.1.8"
    resolved "https://npm.togedo.com/rc-checkbox/-/rc-checkbox-2.1.8.tgz#eedd9ef9c2f3af5b3b8e5cde5254aa89ad1a880a"
    integrity sha512-6qOgh0/by0nVNASx6LZnhRTy17Etcgav+IrI7kL9V9kcDZ/g7K14JFlqrtJ3NjDq/Kyn+BPI1st1XvbkhfaJeg==
    dependencies:
      babel-runtime "^6.23.0"
      classnames "2.x"
      prop-types "15.x"
      react-lifecycles-compat "^3.0.4"
  
  rc-collapse@~1.11.3:
    version "1.11.8"
    resolved "https://npm.togedo.com/rc-collapse/-/rc-collapse-1.11.8.tgz#66a40089d469519e9424009ab1c927e214041d80"
    integrity sha512-8EhfPyScTYljkbRuIoHniSwZagD5UPpZ3CToYgoNYWC85L2qCbPYF7+OaC713FOrIkp6NbfNqXsITNxmDAmxog==
    dependencies:
      classnames "2.x"
      css-animation "1.x"
      prop-types "^15.5.6"
      rc-animate "2.x"
      react-is "^16.7.0"
      react-lifecycles-compat "^3.0.4"
      shallowequal "^1.1.0"
  
  rc-dialog@~7.6.0:
    version "7.6.0"
    resolved "https://npm.togedo.com/rc-dialog/-/rc-dialog-7.6.0.tgz#6467b75f5b60038129bf2e1b003b264281949c09"
    integrity sha512-N48vBPW8I53WycFHI4KXhuTUkB4mx+hixq1a9tcFMLoE7EhkAjbHvs0vGg+Bh/uFg5V00jmZBgQOIEbhcNal/A==
    dependencies:
      babel-runtime "6.x"
      rc-animate "2.x"
      rc-util "^4.16.1"
  
  rc-drawer@~3.1.1:
    version "3.1.3"
    resolved "https://npm.togedo.com/rc-drawer/-/rc-drawer-3.1.3.tgz#cbcb04d4c07f0b66f2ece11d847f4a1bd80ea0b7"
    integrity sha512-2z+RdxmzXyZde/1OhVMfDR1e/GBswFeWSZ7FS3Fdd0qhgVdpV1wSzILzzxRaT481ItB5hOV+e8pZT07vdJE8kg==
    dependencies:
      classnames "^2.2.6"
      rc-util "^4.16.1"
      react-lifecycles-compat "^3.0.4"
  
  rc-dropdown@~3.0.0:
    version "3.0.1"
    resolved "https://npm.togedo.com/rc-dropdown/-/rc-dropdown-3.0.1.tgz#0c05318c4d3e6bb5f5d2446444c9b084da3d0d90"
    integrity sha512-TbfTvJwFAaP1vPX/A/uxS07vbn2OqbHak9KJIL6Tdb0sV+sFXaIRo0udJixljkplbgPkLiasy8Xqnk1MGMfa0Q==
    dependencies:
      babel-runtime "^6.26.0"
      classnames "^2.2.6"
      rc-trigger "^4.0.0"
  
  rc-field-form@~1.0.0:
    version "1.0.0"
    resolved "https://npm.togedo.com/rc-field-form/-/rc-field-form-1.0.0.tgz#3293d6ae6dd4c4b0f1e7b2857ca8e15c61272dde"
    integrity sha512-yPgmQjE8aRGwkTl2UsG18UBghekqux9SFfjxWHd80MugGeLpmCJwtwK98bxWhhVELu1YhZtrQQ5EHiNEWptYZg==
    dependencies:
      "@babel/runtime" "^7.8.4"
      async-validator "^3.0.3"
      rc-util "^4.17.0"
      warning "^4.0.3"
  
  rc-hammerjs@~0.6.0:
    version "0.6.9"
    resolved "https://registry.yarnpkg.com/rc-hammerjs/-/rc-hammerjs-0.6.9.tgz#9a4ddbda1b2ec8f9b9596091a6a989842a243907"
    integrity sha512-4llgWO3RgLyVbEqUdGsDfzUDqklRlQW5VEhE3x35IvhV+w//VPRG34SBavK3D2mD/UaLKaohgU41V4agiftC8g==
    dependencies:
      babel-runtime "6.x"
      hammerjs "^2.0.8"
      prop-types "^15.5.9"
  
  rc-input-number@~4.5.4:
    version "4.5.6"
    resolved "https://npm.togedo.com/rc-input-number/-/rc-input-number-4.5.6.tgz#0d52762b0ac39432256e2c6c5c836102f9797c46"
    integrity sha512-AXbL4gtQ1mSQnu6v/JtMv3UbGRCzLvQznmf0a7U/SAtZ8+dCEAqD4JpJhkjv73Wog53eRYhw4l7ApdXflc9ymg==
    dependencies:
      babel-runtime "6.x"
      classnames "^2.2.0"
      prop-types "^15.5.7"
      rc-util "^4.5.1"
      rmc-feedback "^2.0.0"
  
  rc-mentions@~1.0.0:
    version "1.0.1"
    resolved "https://npm.togedo.com/rc-mentions/-/rc-mentions-1.0.1.tgz#4a82b5011ccd3f0008f69f3b2e29ab8c0d91b17f"
    integrity sha512-EgXFYsNHk44ifwDcbtd3zX7rJc3lHplfVEVEf8oxZeeyyIzFD0GLs0Z0LWHNs6Gm4wTAHvcR0j4Pd5M7fLtBoA==
    dependencies:
      classnames "^2.2.6"
      rc-menu "^8.0.1"
      rc-trigger "^4.0.0"
      rc-util "^4.6.0"
  
  rc-menu@^8.0.1, rc-menu@~8.0.1:
    version "8.0.2"
    resolved "https://npm.togedo.com/rc-menu/-/rc-menu-8.0.2.tgz#ce8dacad615c4cadb47c018be3a0791248b04d14"
    integrity sha512-0zae6+LVQf+XTBepSMwwn2Wu+CvRf0eAVh62xl0UcjFBvyA0uGz+dAE0SVR6oUA0q9X+/G14CV1ItZFdwaP6/g==
    dependencies:
      classnames "2.x"
      mini-store "^2.0.0"
      rc-animate "^2.10.1"
      rc-trigger "^4.0.0"
      rc-util "^4.13.0"
      resize-observer-polyfill "^1.5.0"
      scroll-into-view-if-needed "^2.2.20"
      shallowequal "^1.1.0"
  
  rc-notification@~4.0.0:
    version "4.0.0"
    resolved "https://npm.togedo.com/rc-notification/-/rc-notification-4.0.0.tgz#ffe59783d6738003972dde8b9658f1acd469cd2c"
    integrity sha512-In9FimkJY+JSIq3/eopPfBpQQr2Zugq5i9Aw9vdiNCGCsAsSO9bGq2dPsn8bamOydNrhc3djljGfmxUUMbcZnA==
    dependencies:
      classnames "2.x"
      rc-animate "2.x"
      rc-util "^4.0.4"
  
  rc-pagination@~2.0.1:
    version "2.0.1"
    resolved "https://npm.togedo.com/rc-pagination/-/rc-pagination-2.0.1.tgz#40deddb43173d951e2449c7d3f9951890f477ba1"
    integrity sha512-jvLb05p1OEBUxRobWFjnrj6vRyvhG8XHouK6qh+eepCHPo7HDzUHHztvUUAWr5f+WnKldAXqdPcGgbM4rCH1OA==
    dependencies:
      classnames "^2.2.1"
  
  rc-picker@~1.1.0:
    version "1.1.2"
    resolved "https://npm.togedo.com/rc-picker/-/rc-picker-1.1.2.tgz#9b4b552eac779b3568498c69453b6fb4aa796d3b"
    integrity sha512-B4z1cqla4bZlVUcMuyeFmyPPx9eumpYd06gYFzLKsl5Yz3h1jTmW40hW1uxxUgPkeg6ym1X5TjUoB3ZOveHuMQ==
    dependencies:
      classnames "^2.2.1"
      dayjs "^1.8.18"
      moment "^2.24.0"
      rc-trigger "^4.0.0"
      rc-util "^4.17.0"
  
  rc-progress@~2.5.0:
    version "2.5.2"
    resolved "https://npm.togedo.com/rc-progress/-/rc-progress-2.5.2.tgz#ab01ba4e5d2fa36fc9f6f058b10b720e7315560c"
    integrity sha512-ajI+MJkbBz9zYDuE9GQsY5gsyqPF7HFioZEDZ9Fmc+ebNZoiSeSJsTJImPFCg0dW/5WiRGUy2F69SX1aPtSJgA==
    dependencies:
      babel-runtime "6.x"
      prop-types "^15.5.8"
  
  rc-rate@~2.5.1:
    version "2.5.1"
    resolved "https://npm.togedo.com/rc-rate/-/rc-rate-2.5.1.tgz#55fc5fd23ea9dcc72250b9a889803479f4842961"
    integrity sha512-3iJkNJT8xlHklPCdeZtUZmJmRVUbr6AHRlfSsztfYTXVlHrv2TcPn3XkHsH+12j812WVB7gvilS2j3+ffjUHXg==
    dependencies:
      classnames "^2.2.5"
      prop-types "^15.5.8"
      rc-util "^4.3.0"
      react-lifecycles-compat "^3.0.4"
  
  rc-resize-observer@^0.1.0, rc-resize-observer@^0.1.2:
    version "0.1.3"
    resolved "https://npm.togedo.com/rc-resize-observer/-/rc-resize-observer-0.1.3.tgz#097191f9c3ab186ed907b553ba6ef565df11c249"
    integrity sha512-uzOQEwx83xdQSFOkOAM7x7GHIQKYnrDV4dWxtCxyG1BS1pkfJ4EvDeMfsvAJHSYkQXVBu+sgRHGbRtLG3qiuUg==
    dependencies:
      classnames "^2.2.1"
      rc-util "^4.13.0"
      resize-observer-polyfill "^1.5.1"
  
  rc-select@^10.0.0, rc-select@~10.0.0:
    version "10.0.2"
    resolved "https://npm.togedo.com/rc-select/-/rc-select-10.0.2.tgz#e74ca42ebf06db408b8a63f20978d68f86584594"
    integrity sha512-lRgb0eHQOTZ3VZWfAJzQ771wGO32w4mwZXDP4ELzsyFr2fBjtNu52wl9R8Zxpnzy9z8IqmaLUt+kq444vqt0jg==
    dependencies:
      classnames "2.x"
      rc-animate "^2.10.0"
      rc-trigger "^4.0.0"
      rc-util "^4.20.0"
      rc-virtual-list "^1.0.0"
      warning "^4.0.3"
  
  rc-slider@~9.2.1:
    version "9.2.2"
    resolved "https://npm.togedo.com/rc-slider/-/rc-slider-9.2.2.tgz#852ed38abda337b98aed5ada2090538d98446cc2"
    integrity sha512-WwdNHb/cvnQXMhp8cRhxOM0pGnVG4fPoaFE31yVkyJUAZiHq3siQgwzAeYl11fyszwhrEXkpGU7tEAfClh0AaQ==
    dependencies:
      babel-runtime "6.x"
      classnames "^2.2.5"
      prop-types "^15.5.4"
      rc-tooltip "^4.0.0"
      rc-util "^4.0.4"
      shallowequal "^1.1.0"
      warning "^4.0.3"
  
  rc-steps@~3.5.0:
    version "3.5.0"
    resolved "https://npm.togedo.com/rc-steps/-/rc-steps-3.5.0.tgz#36b2a7f1f49907b0d90363884b18623caf9fb600"
    integrity sha512-2Vkkrpa7PZbg7qPsqTNzVDov4u78cmxofjjnIHiGB9+9rqKS8oTLPzbW2uiWDr3Lk+yGwh8rbpGO1E6VAgBCOg==
    dependencies:
      babel-runtime "^6.23.0"
      classnames "^2.2.3"
      lodash "^4.17.5"
      prop-types "^15.5.7"
  
  rc-switch@~1.9.0:
    version "1.9.0"
    resolved "https://registry.yarnpkg.com/rc-switch/-/rc-switch-1.9.0.tgz#ab2b878f2713c681358a453391976c9b95b290f7"
    integrity sha512-Isas+egaK6qSk64jaEw4GgPStY4umYDbT7ZY93bZF1Af+b/JEsKsJdNOU2qG3WI0Z6tXo2DDq0kJCv8Yhu0zww==
    dependencies:
      classnames "^2.2.1"
      prop-types "^15.5.6"
      react-lifecycles-compat "^3.0.4"
  
  rc-table@~7.0.0:
    version "7.0.0"
    resolved "https://npm.togedo.com/rc-table/-/rc-table-7.0.0.tgz#53f4652f661e77cfcda98ed6ece895ea76d12308"
    integrity sha512-XVoRsJ1r3Oh1zl8vxVNBD/+4ZFL5hpHcEwEBpJLJ+I+N2uM/fnAYASHqYEkBdvCRv7l0nG0qTeFOB4dQQAHuLA==
    dependencies:
      classnames "^2.2.5"
      component-classes "^1.2.6"
      lodash "^4.17.5"
      mini-store "^2.0.0"
      prop-types "^15.5.8"
      raf "^3.4.1"
      rc-resize-observer "^0.1.2"
      rc-util "^4.19.0"
      react-lifecycles-compat "^3.0.2"
      shallowequal "^1.1.0"
  
  rc-tabs@~10.0.0:
    version "10.0.0"
    resolved "https://npm.togedo.com/rc-tabs/-/rc-tabs-10.0.0.tgz#4db516a66bc731c9a24b44407231262103f6da76"
    integrity sha512-kpYho3S8GqHVKuFvsYyShN4GSM+f3RMfgwxmR4lpXA79lzPmIlaLamCGtTnMAOXOVTS3JEltWQCWC8LYY4ITIg==
    dependencies:
      babel-runtime "6.x"
      classnames "2.x"
      lodash "^4.17.5"
      prop-types "15.x"
      raf "^3.4.1"
      rc-hammerjs "~0.6.0"
      rc-util "^4.0.4"
      resize-observer-polyfill "^1.5.1"
      warning "^4.0.3"
  
  rc-tooltip@^4.0.0, rc-tooltip@~4.0.0:
    version "4.0.1"
    resolved "https://npm.togedo.com/rc-tooltip/-/rc-tooltip-4.0.1.tgz#e7a800571c5661f80dfd411c13a1dabaa9646d3a"
    integrity sha512-R+Ift6SwD2bJKhlYgKXyklvurnYwGzNMfRIPBqv0qoG0SYcVJDVuECL73dcRm2+CCik3YYn1ZGZLPjRRrUkAIw==
    dependencies:
      rc-trigger "^4.0.0"
  
  rc-tree-select@~3.0.0:
    version "3.0.2"
    resolved "https://npm.togedo.com/rc-tree-select/-/rc-tree-select-3.0.2.tgz#a24f26790a06bdc54855b691e289341b44d4343f"
    integrity sha512-xowQdNWEUAxtEfJa5X2jcO5iRB/25YlecLwcyPGn04EC0Idwmn94yaji8fM+2QSKWKqvoImppaiRJpA1uljAHg==
    dependencies:
      classnames "2.x"
      rc-select "^10.0.0"
      rc-tree "^3.0.0"
      rc-util "^4.17.0"
  
  rc-tree@^3.0.0, rc-tree@~3.0.0:
    version "3.0.1"
    resolved "https://npm.togedo.com/rc-tree/-/rc-tree-3.0.1.tgz#25b4c5a3983863ef9a8625d3222dfe81d7e8614c"
    integrity sha512-v0B/aN8vikPGAcQoMm5jhxJ5eXj3V0HSHAoHJYXgdad4nqBVyWMDvSWDbZumdFQlBfKhpdGK02LnSgWx4W2SSA==
    dependencies:
      classnames "2.x"
      prop-types "^15.5.8"
      rc-animate "^2.9.2"
      rc-util "^4.11.0"
      rc-virtual-list "^1.0.0"
      react-lifecycles-compat "^3.0.4"
  
  rc-trigger@^4.0.0, rc-trigger@~4.0.0:
    version "4.0.0"
    resolved "https://npm.togedo.com/rc-trigger/-/rc-trigger-4.0.0.tgz#c42b8a479941175ed94fc73998fd59cd3c39da77"
    integrity sha512-wOr2i4UrhsLjPhT9/k3p8l5yktC0BjOIBk2afze78a9ieql4GEw19Qo6iqSBmX/KqD9V4VXQxD4Ebt7U7IDrIw==
    dependencies:
      classnames "^2.2.6"
      prop-types "15.x"
      raf "^3.4.1"
      rc-align "^3.0.0-rc.0"
      rc-animate "^2.10.2"
      rc-util "^4.15.2"
  
  rc-upload@~3.0.0:
    version "3.0.0"
    resolved "https://npm.togedo.com/rc-upload/-/rc-upload-3.0.0.tgz#1365a77405b2df82749e55bcc475ee0de9424370"
    integrity sha512-GTmLJ2Habrgon26xwtF8nx1FBxu8KUjRC6QW/7a+NVZ6qXIo+s7HnjqwseuG42kz6xGCoSLNpHgIoHW55EwpxA==
    dependencies:
      babel-runtime "6.x"
      classnames "^2.2.5"
  
  rc-util@^4.0.4, rc-util@^4.3.0, rc-util@^4.5.1:
    version "4.6.0"
    resolved "https://registry.yarnpkg.com/rc-util/-/rc-util-4.6.0.tgz#ba33721783192ec4f3afb259e182b04e55deb7f6"
    integrity sha512-rbgrzm1/i8mgfwOI4t1CwWK7wGe+OwX+dNa7PVMgxZYPBADGh86eD4OcJO1UKGeajIMDUUKMluaZxvgraQIOmw==
    dependencies:
      add-dom-event-listener "^1.1.0"
      babel-runtime "6.x"
      prop-types "^15.5.10"
      shallowequal "^0.2.2"
  
  rc-util@^4.11.0, rc-util@^4.12.0, rc-util@^4.13.0, rc-util@^4.15.2, rc-util@^4.15.3, rc-util@^4.16.1, rc-util@^4.17.0, rc-util@^4.19.0, rc-util@^4.20.0, rc-util@^4.6.0, rc-util@^4.8.0, rc-util@^4.9.0:
    version "4.20.0"
    resolved "https://npm.togedo.com/rc-util/-/rc-util-4.20.0.tgz#fb601c59bb48cbee38538e0d5b628addda6a8c30"
    integrity sha512-rUqk4RqtDe4OfTsSk2GpbvIQNVtfmmebw4Rn7ZAA1TO1zLMLfyOF78ZyrEKqs8RDwoE3S1aXp0AX0ogLfSxXrQ==
    dependencies:
      add-dom-event-listener "^1.1.0"
      babel-runtime "6.x"
      prop-types "^15.5.10"
      react-is "^16.12.0"
      react-lifecycles-compat "^3.0.4"
      shallowequal "^1.1.0"
  
  rc-virtual-list@^1.0.0, rc-virtual-list@~1.0.0:
    version "1.0.0"
    resolved "https://npm.togedo.com/rc-virtual-list/-/rc-virtual-list-1.0.0.tgz#34a755c48e9c6e50ac6d0155017134859af8f0b0"
    integrity sha512-t6q0/GiH5qp5k2VRDeIrrS1Z2r8ey0fnVQN5HIu6ildvXqRfgm4MbNnUeoUywNt+et4XhDFBGmiEhRvIs6vujQ==
    dependencies:
      classnames "^2.2.6"
      rc-util "^4.8.0"
  
  re-classnames@^4.0.0:
    version "4.0.0"
    resolved "https://registry.yarnpkg.com/re-classnames/-/re-classnames-4.0.0.tgz#11c62c5f3f8696c20689fdc6b70cdbea9e3496ef"
    integrity sha512-uYtBCGfSHlNiAKg1nWRnZMWKTaFOHFPmUdygf7j9/bqjh2bTkl5f/8oxSocZriNnCcmdc1JD9YbVSI91lYvONA==
  
  react-dom@>=16.8.1, react-dom@^16.13.0:
    version "16.13.0"
    resolved "https://npm.togedo.com/react-dom/-/react-dom-16.13.0.tgz#cdde54b48eb9e8a0ca1b3dc9943d9bb409b81866"
    integrity sha512-y09d2c4cG220DzdlFkPTnVvGTszVvNpC73v+AaLGLHbkpy3SSgvYq8x0rNwPJ/Rk/CicTNgk0hbHNw1gMEZAXg==
    dependencies:
      loose-envify "^1.1.0"
      object-assign "^4.1.1"
      prop-types "^15.6.2"
      scheduler "^0.19.0"
  
  react-is@^16.12.0:
    version "16.13.0"
    resolved "https://npm.togedo.com/react-is/-/react-is-16.13.0.tgz#0f37c3613c34fe6b37cd7f763a0d6293ab15c527"
    integrity sha512-GFMtL0vHkiBv9HluwNZTggSn/sCyEt9n02aM0dSAjGGyqyNlAyftYm4phPxdvCigG15JreC5biwxCgTAJZ7yAA==
  
  react-is@^16.7.0, react-is@^16.8.1:
    version "16.8.6"
    resolved "https://registry.yarnpkg.com/react-is/-/react-is-16.8.6.tgz#5bbc1e2d29141c9fbdfed456343fe2bc430a6a16"
    integrity sha512-aUk3bHfZ2bRSVFFbbeVS4i+lNPZr3/WM5jT2J5omUVV1zzcs1nAaf3l51ctA5FFvCRbhrH0bdAsRRQddFJZPtA==
  
  react-lifecycles-compat@^3.0.2, react-lifecycles-compat@^3.0.4:
    version "3.0.4"
    resolved "https://registry.yarnpkg.com/react-lifecycles-compat/-/react-lifecycles-compat-3.0.4.tgz#4f1a273afdfc8f3488a8c516bfda78f872352362"
    integrity sha512-fBASbA6LnOU9dOU2eW7aQ8xmYBSXUIWr+UmF9b1efZBazGNO+rcXT/icdKnYm2pTwcRylVUYwW7H1PHfLekVzA==
  
  react@>=16.8.1, react@^16.13.0:
    version "16.13.0"
    resolved "https://npm.togedo.com/react/-/react-16.13.0.tgz#d046eabcdf64e457bbeed1e792e235e1b9934cf7"
    integrity sha512-TSavZz2iSLkq5/oiE7gnFzmURKZMltmi193rm5HEoUDAXpzT9Kzw6oNZnGoai/4+fUnm7FqS5dwgUL34TujcWQ==
    dependencies:
      loose-envify "^1.1.0"
      object-assign "^4.1.1"
      prop-types "^15.6.2"
  
  readable-stream@^3.1.1:
    version "3.3.0"
    resolved "https://registry.yarnpkg.com/readable-stream/-/readable-stream-3.3.0.tgz#cb8011aad002eb717bf040291feba8569c986fb9"
    integrity sha512-EsI+s3k3XsW+fU8fQACLN59ky34AZ14LoeVZpYwmZvldCFo0r0gnelwF2TcMjLor/BTL5aDJVBMkss0dthToPw==
    dependencies:
      inherits "^2.0.3"
      string_decoder "^1.1.1"
      util-deprecate "^1.0.1"
  
  reason-react@^0.7.0:
    version "0.7.0"
    resolved "https://registry.yarnpkg.com/reason-react/-/reason-react-0.7.0.tgz#46a975c321e81cd51310d7b1a02418ca7667b0d6"
    integrity sha512-czR/f0lY5iyLCki9gwftOFF5Zs40l7ZSFmpGK/Z6hx2jBVeFDmIiXB8bAQW/cO6IvtuEt97OmsYueiuOYG9XjQ==
    dependencies:
      react ">=16.8.1"
      react-dom ">=16.8.1"
  
  regenerator-runtime@^0.11.0:
    version "0.11.1"
    resolved "https://registry.yarnpkg.com/regenerator-runtime/-/regenerator-runtime-0.11.1.tgz#be05ad7f9bf7d22e056f9726cee5017fbf19e2e9"
    integrity sha512-MguG95oij0fC3QV3URf4V2SDYGJhJnJGqvIIgdECeODCT98wSWDAJ94SSuVpYQUoTcGUIL6L4yNB7j1DFFHSBg==
  
  regenerator-runtime@^0.13.2:
    version "0.13.3"
    resolved "https://npm.togedo.com/regenerator-runtime/-/regenerator-runtime-0.13.3.tgz#7cf6a77d8f5c6f60eb73c5fc1955b2ceb01e6bf5"
    integrity sha512-naKIZz2GQ8JWh///G7L3X6LaQUAMp2lvb1rvwwsURe/VXwD6VMfr+/1NuNw3ag8v2kY1aQ/go5SNn79O9JU7yw==
  
  resize-observer-polyfill@^1.5.0, resize-observer-polyfill@^1.5.1:
    version "1.5.1"
    resolved "https://registry.yarnpkg.com/resize-observer-polyfill/-/resize-observer-polyfill-1.5.1.tgz#0e9020dd3d21024458d4ebd27e23e40269810464"
    integrity sha512-LwZrotdHOo12nQuZlHEmtuXdqGoOD0OhaxopaNFxWzInpEgaLWoVuAMbTzixuosCx2nEG58ngzW3vxdWoxIgdg==
  
  responselike@^1.0.2:
    version "1.0.2"
    resolved "https://registry.yarnpkg.com/responselike/-/responselike-1.0.2.tgz#918720ef3b631c5642be068f15ade5a46f4ba1e7"
    integrity sha1-kYcg7ztjHFZCvgaPFa3lpG9Loec=
    dependencies:
      lowercase-keys "^1.0.0"
  
  rmc-feedback@^2.0.0:
    version "2.0.0"
    resolved "https://registry.yarnpkg.com/rmc-feedback/-/rmc-feedback-2.0.0.tgz#cbc6cb3ae63c7a635eef0e25e4fbaf5ac366eeaa"
    integrity sha512-5PWOGOW7VXks/l3JzlOU9NIxRpuaSS8d9zA3UULUCuTKnpwBHNvv1jSJzxgbbCQeYzROWUpgKI4za3X4C/mKmQ==
    dependencies:
      babel-runtime "6.x"
      classnames "^2.2.5"
  
  safe-buffer@~5.1.0:
    version "5.1.2"
    resolved "https://registry.yarnpkg.com/safe-buffer/-/safe-buffer-5.1.2.tgz#991ec69d296e0313747d59bdfd2b745c35f8828d"
    integrity sha512-Gd2UZBJDkXlY7GbJxfsE8/nvKkUEU1G38c1siN6QP6a9PT9MmHB8GnpscSmMJSoF8LOIrt8ud/wPtojys4G6+g==
  
  scheduler@^0.19.0:
    version "0.19.0"
    resolved "https://npm.togedo.com/scheduler/-/scheduler-0.19.0.tgz#a715d56302de403df742f4a9be11975b32f5698d"
    integrity sha512-xowbVaTPe9r7y7RUejcK73/j8tt2jfiyTednOvHbA8JoClvMYCp+r8QegLwK/n8zWQAtZb1fFnER4XLBZXrCxA==
    dependencies:
      loose-envify "^1.1.0"
      object-assign "^4.1.1"
  
  scroll-into-view-if-needed@^2.2.20:
    version "2.2.24"
    resolved "https://npm.togedo.com/scroll-into-view-if-needed/-/scroll-into-view-if-needed-2.2.24.tgz#12bca532990769bd509115a49edcfa755e92a0ea"
    integrity sha512-vsC6SzyIZUyJG8o4nbUDCiIwsPdH6W/FVmjT2avR2hp/yzS53JjGmg/bKD20TkoNajbu5dAQN4xR7yes4qhwtQ==
    dependencies:
      compute-scroll-into-view "^1.0.13"
  
  shallowequal@^0.2.2:
    version "0.2.2"
    resolved "https://registry.yarnpkg.com/shallowequal/-/shallowequal-0.2.2.tgz#1e32fd5bcab6ad688a4812cb0cc04efc75c7014e"
    integrity sha1-HjL9W8q2rWiKSBLLDMBO/HXHAU4=
    dependencies:
      lodash.keys "^3.1.2"
  
  shallowequal@^1.0.2, shallowequal@^1.1.0:
    version "1.1.0"
    resolved "https://registry.yarnpkg.com/shallowequal/-/shallowequal-1.1.0.tgz#188d521de95b9087404fd4dcb68b13df0ae4e7f8"
    integrity sha512-y0m1JoUZSlPAjXVtPPW70aZWfIL/dSP7AFkRnniLCrK/8MDKog3TySTBmckD+RObVxH0v4Tox67+F14PdED2oQ==
  
  string-convert@^0.2.0:
    version "0.2.1"
    resolved "https://registry.yarnpkg.com/string-convert/-/string-convert-0.2.1.tgz#6982cc3049fbb4cd85f8b24568b9d9bf39eeff97"
    integrity sha1-aYLMMEn7tM2F+LJFaLnZvznu/5c=
  
  string_decoder@^1.1.1:
    version "1.2.0"
    resolved "https://registry.yarnpkg.com/string_decoder/-/string_decoder-1.2.0.tgz#fe86e738b19544afe70469243b2a1ee9240eae8d"
    integrity sha512-6YqyX6ZWEYguAxgZzHGL7SsCeGx3V2TtOTqZz1xSTSWnqsbWwbptafNyvf/ACquZUXV3DANr5BDIwNYe1mN42w==
    dependencies:
      safe-buffer "~5.1.0"
  
  tinycolor2@^1.4.1:
    version "1.4.1"
    resolved "https://registry.yarnpkg.com/tinycolor2/-/tinycolor2-1.4.1.tgz#f4fad333447bc0b07d4dc8e9209d8f39a8ac77e8"
    integrity sha1-9PrTM0R7wLB9TcjpIJ2POaisd+g=
  
  to-readable-stream@^1.0.0:
    version "1.0.0"
    resolved "https://registry.yarnpkg.com/to-readable-stream/-/to-readable-stream-1.0.0.tgz#ce0aa0c2f3df6adf852efb404a783e77c0475771"
    integrity sha512-Iq25XBt6zD5npPhlLVXGFN3/gyR2/qODcKNNyTMd4vbm39HUaOiAM4PMq0eMVC/Tkxz+Zjdsc55g9yyz+Yq00Q==
  
  toggle-selection@^1.0.6:
    version "1.0.6"
    resolved "https://registry.yarnpkg.com/toggle-selection/-/toggle-selection-1.0.6.tgz#6e45b1263f2017fa0acc7d89d78b15b8bf77da32"
    integrity sha1-bkWxJj8gF/oKzH2J14sVuL932jI=
  
  url-parse-lax@^3.0.0:
    version "3.0.0"
    resolved "https://registry.yarnpkg.com/url-parse-lax/-/url-parse-lax-3.0.0.tgz#16b5cafc07dbe3676c1b1999177823d6503acb0c"
    integrity sha1-FrXK/Afb42dsGxmZF3gj1lA6yww=
    dependencies:
      prepend-http "^2.0.0"
  
  util-deprecate@^1.0.1:
    version "1.0.2"
    resolved "https://registry.yarnpkg.com/util-deprecate/-/util-deprecate-1.0.2.tgz#450d4dc9fa70de732762fbd2d4a28981419a0ccf"
    integrity sha1-RQ1Nyfpw3nMnYvvS1KKJgUGaDM8=
  
  warning@^4.0.1, warning@^4.0.3, warning@~4.0.3:
    version "4.0.3"
    resolved "https://registry.yarnpkg.com/warning/-/warning-4.0.3.tgz#16e9e077eb8a86d6af7d64aa1e05fd85b4678ca3"
    integrity sha512-rpJyN222KWIvHJ/F53XSZv0Zl/accqHR8et1kpaMTD/fLCRxtV8iX8czMzY7sVZupTI3zcUTg8eycS2kNF9l6w==
    dependencies:
      loose-envify "^1.0.0"
  
  wrappy@1:
    version "1.0.2"
    resolved "https://registry.yarnpkg.com/wrappy/-/wrappy-1.0.2.tgz#b5243d8f3ec1aa35f1364605bc0d1036e30ab69f"
    integrity sha1-tSQ9jz7BqjXxNkYFvA0QNuMKtp8=
